[2025-09-28 23:59:20] autocommit lancé dans /Users/asc/TPS-BASE-TEMP-OK THEME_ID=187321811292
——— 2025-09-28 23:59:20 · Auto-commit démarré ———
[2025-09-28 23:59:51] autocommit lancé dans /Users/asc/TPS-BASE-TEMP-OK THEME_ID=187321811292
[2025-09-29 00:01:03] autocommit lancé dans /Users/asc/TPS-BASE-TEMP-OK THEME_ID=187321811292
[2025-09-29 00:02:38] autocommit lancé dans /Users/asc/TPS-BASE-TEMP-OK THEME_ID=187321811292
[2025-09-29 00:04:01] autocommit lancé dans /Users/asc/TPS-BASE-TEMP-OK THEME_ID=187321811292
[2025-09-29 00:26:28] autocommit lancé dans /Users/asc/TPS-BASE-TEMP-OK THEME_ID=187321811292
[2025-09-29 00:37:30] autocommit lancé dans /Users/asc/TPS-BASE-TEMP-OK THEME_ID=187321811292
[2025-09-29 00:40:46] autocommit lancé dans /Users/asc/TPS-BASE-TEMP-OK THEME_ID=187321811292
[2025-09-29 00:49:42] autocommit lancé dans /Users/asc/TPS-BASE-TEMP-OK THEME_ID=187321811292
[2025-09-29 01:11:25] tick THEME_ID=187321811292
[2025-09-29 01:34:07] autocommit lancé dans /Users/asc/TPS-BASE-TEMP-OK THEME_ID=187321811292
[2025-09-29 01:34:07] tick THEME_ID=187321811292
[temp-ok deffc1e] auto: 2025-09-29 01:34:07
 6 files changed, 50 insertions(+), 56 deletions(-)
 create mode 100644 .autocommit.lock
 create mode 100644 .gitignore
 create mode 100644 IDS.txt
To https://github.com/Stardust75001/TPS-BASE.git
   22471e4..deffc1e  temp-ok -> temp-ok
la branche 'temp-ok' est paramétrée pour suivre 'origin/temp-ok'.
[2025-09-29 01:34:47] autocommit lancé dans /Users/asc/TPS-BASE-TEMP-OK THEME_ID=187321811292
[2025-09-29 01:34:47] tick THEME_ID=187321811292
[temp-ok 6462233] auto: 2025-09-29 01:34:47
 2 files changed, 12 insertions(+), 34 deletions(-)
To https://github.com/Stardust75001/TPS-BASE.git
   deffc1e..6462233  temp-ok -> temp-ok
la branche 'temp-ok' est paramétrée pour suivre 'origin/temp-ok'.
[2025-09-29 01:35:51] tick THEME_ID=187321811292
[temp-ok b7d9230] auto: 2025-09-29 01:35:51
 1 file changed, 6 insertions(+)
To https://github.com/Stardust75001/TPS-BASE.git
   6462233..b7d9230  temp-ok -> temp-ok
la branche 'temp-ok' est paramétrée pour suivre 'origin/temp-ok'.
[2025-09-29 01:36:55] tick THEME_ID=187321811292
[temp-ok f5509dd] auto: 2025-09-29 01:36:55
 1 file changed, 6 insertions(+)
To https://github.com/Stardust75001/TPS-BASE.git
   b7d9230..f5509dd  temp-ok -> temp-ok
la branche 'temp-ok' est paramétrée pour suivre 'origin/temp-ok'.
[2025-09-29 01:37:17] autocommit lancé dans /Users/asc/TPS-BASE-TEMP-OK THEME_ID=187321811292
[2025-09-29 01:37:17] tick THEME_ID=187321811292
[temp-ok 2d2f842] auto: 2025-09-29 01:37:17
 2 files changed, 24 insertions(+), 5 deletions(-)
To https://github.com/Stardust75001/TPS-BASE.git
   f5509dd..2d2f842  temp-ok -> temp-ok
la branche 'temp-ok' est paramétrée pour suivre 'origin/temp-ok'.
[2025-09-29 01:38:20] tick THEME_ID=187321811292
[temp-ok 156e345] auto: 2025-09-29 01:38:20
 2 files changed, 7 insertions(+)
To https://github.com/Stardust75001/TPS-BASE.git
   2d2f842..156e345  temp-ok -> temp-ok
la branche 'temp-ok' est paramétrée pour suivre 'origin/temp-ok'.
[2025-09-29 01:39:24] tick THEME_ID=187321811292
[temp-ok 6979b95] auto: 2025-09-29 01:39:24
 1 file changed, 6 insertions(+)
To https://github.com/Stardust75001/TPS-BASE.git
   156e345..6979b95  temp-ok -> temp-ok
la branche 'temp-ok' est paramétrée pour suivre 'origin/temp-ok'.
[2025-09-29 01:39:41] autocommit lancé dans /Users/asc/TPS-BASE-TEMP-OK THEME_ID=187321811292
[2025-09-29 01:39:41] tick THEME_ID=187321811292
[temp-ok 20b1976] auto: 2025-09-29 01:39:41
 1 file changed, 7 insertions(+)
To https://github.com/Stardust75001/TPS-BASE.git
   6979b95..20b1976  temp-ok -> temp-ok
branch 'temp-ok' set up to track 'origin/temp-ok'.
[2025-09-29 01:40:37] autocommit lancé dans /Users/asc/TPS-BASE-TEMP-OK THEME_ID=187321811292
[2025-09-29 01:40:37] tick THEME_ID=187321811292
[temp-ok 3f1b596] auto: 2025-09-29 01:40:37
 1 file changed, 7 insertions(+)
To https://github.com/Stardust75001/TPS-BASE.git
   20b1976..3f1b596  temp-ok -> temp-ok
branch 'temp-ok' set up to track 'origin/temp-ok'.
[2025-09-29 01:41:41] tick THEME_ID=187321811292
[temp-ok a082ab1] auto: 2025-09-29 01:41:41
 1 file changed, 6 insertions(+)
To https://github.com/Stardust75001/TPS-BASE.git
   3f1b596..a082ab1  temp-ok -> temp-ok
branch 'temp-ok' set up to track 'origin/temp-ok'.
[2025-09-29 01:42:47] tick THEME_ID=187321811292
[temp-ok 06944e7] auto: 2025-09-29 01:42:47
 1 file changed, 6 insertions(+)
To https://github.com/Stardust75001/TPS-BASE.git
   a082ab1..06944e7  temp-ok -> temp-ok
branch 'temp-ok' set up to track 'origin/temp-ok'.
[2025-09-29 01:43:51] tick THEME_ID=187321811292
[temp-ok 597ffe3] auto: 2025-09-29 01:43:51
 1 file changed, 6 insertions(+)
To https://github.com/Stardust75001/TPS-BASE.git
   06944e7..597ffe3  temp-ok -> temp-ok
branch 'temp-ok' set up to track 'origin/temp-ok'.
[2025-09-29 01:44:54] tick THEME_ID=187321811292
[temp-ok de17217] auto: 2025-09-29 01:44:54
 1 file changed, 6 insertions(+)
To https://github.com/Stardust75001/TPS-BASE.git
   597ffe3..de17217  temp-ok -> temp-ok
branch 'temp-ok' set up to track 'origin/temp-ok'.
[2025-09-29 01:45:58] tick THEME_ID=187321811292
[temp-ok 503e1f1] auto: 2025-09-29 01:45:58
 1 file changed, 6 insertions(+)
To https://github.com/Stardust75001/TPS-BASE.git
   de17217..503e1f1  temp-ok -> temp-ok
branch 'temp-ok' set up to track 'origin/temp-ok'.
[2025-09-29 01:47:02] tick THEME_ID=187321811292
[temp-ok 98c87dd] auto: 2025-09-29 01:47:02
 1 file changed, 6 insertions(+)
To https://github.com/Stardust75001/TPS-BASE.git
   503e1f1..98c87dd  temp-ok -> temp-ok
branch 'temp-ok' set up to track 'origin/temp-ok'.
[2025-09-29 01:48:06] tick THEME_ID=187321811292
[temp-ok f218f8e] auto: 2025-09-29 01:48:06
 1 file changed, 6 insertions(+)
To https://github.com/Stardust75001/TPS-BASE.git
   98c87dd..f218f8e  temp-ok -> temp-ok
branch 'temp-ok' set up to track 'origin/temp-ok'.
[2025-09-29 01:49:09] tick THEME_ID=187321811292
[temp-ok a9509e7] auto: 2025-09-29 01:49:09
 1 file changed, 6 insertions(+)
To https://github.com/Stardust75001/TPS-BASE.git
   f218f8e..a9509e7  temp-ok -> temp-ok
branch 'temp-ok' set up to track 'origin/temp-ok'.
[2025-09-29 01:50:13] tick THEME_ID=187321811292
[temp-ok 483cce2] auto: 2025-09-29 01:50:13
 1 file changed, 6 insertions(+)
To https://github.com/Stardust75001/TPS-BASE.git
   a9509e7..483cce2  temp-ok -> temp-ok
branch 'temp-ok' set up to track 'origin/temp-ok'.
[2025-09-29 01:51:17] tick THEME_ID=187321811292
[temp-ok 35b6146] auto: 2025-09-29 01:51:17
 1 file changed, 6 insertions(+)
To https://github.com/Stardust75001/TPS-BASE.git
   483cce2..35b6146  temp-ok -> temp-ok
branch 'temp-ok' set up to track 'origin/temp-ok'.
[2025-09-29 01:52:20] tick THEME_ID=187321811292
[temp-ok 1024acf] auto: 2025-09-29 01:52:20
 1 file changed, 6 insertions(+)
To https://github.com/Stardust75001/TPS-BASE.git
   35b6146..1024acf  temp-ok -> temp-ok
branch 'temp-ok' set up to track 'origin/temp-ok'.
[2025-09-29 01:53:24] tick THEME_ID=187321811292
[temp-ok 45101d5] auto: 2025-09-29 01:53:24
 1 file changed, 6 insertions(+)
To https://github.com/Stardust75001/TPS-BASE.git
   1024acf..45101d5  temp-ok -> temp-ok
branch 'temp-ok' set up to track 'origin/temp-ok'.
[2025-09-29 01:54:28] tick THEME_ID=187321811292
[temp-ok 9955449] auto: 2025-09-29 01:54:28
 1 file changed, 6 insertions(+)
To https://github.com/Stardust75001/TPS-BASE.git
   45101d5..9955449  temp-ok -> temp-ok
branch 'temp-ok' set up to track 'origin/temp-ok'.
[2025-09-29 01:55:32] tick THEME_ID=187321811292
[temp-ok a18f025] auto: 2025-09-29 01:55:32
 1 file changed, 6 insertions(+)
To https://github.com/Stardust75001/TPS-BASE.git
   9955449..a18f025  temp-ok -> temp-ok
branch 'temp-ok' set up to track 'origin/temp-ok'.
[2025-09-29 01:56:36] tick THEME_ID=187321811292
[temp-ok 626d508] auto: 2025-09-29 01:56:36
 1 file changed, 6 insertions(+)
To https://github.com/Stardust75001/TPS-BASE.git
   a18f025..626d508  temp-ok -> temp-ok
branch 'temp-ok' set up to track 'origin/temp-ok'.
[2025-09-29 01:57:40] tick THEME_ID=187321811292
[temp-ok 6a9130e] auto: 2025-09-29 01:57:40
 1 file changed, 6 insertions(+)
To https://github.com/Stardust75001/TPS-BASE.git
   626d508..6a9130e  temp-ok -> temp-ok
branch 'temp-ok' set up to track 'origin/temp-ok'.
[2025-09-29 01:58:43] tick THEME_ID=187321811292
[temp-ok d901ed7] auto: 2025-09-29 01:58:43
 1 file changed, 6 insertions(+)
To https://github.com/Stardust75001/TPS-BASE.git
   6a9130e..d901ed7  temp-ok -> temp-ok
branch 'temp-ok' set up to track 'origin/temp-ok'.
[2025-09-29 01:59:47] tick THEME_ID=187321811292
[temp-ok 53af13d] auto: 2025-09-29 01:59:47
 1 file changed, 6 insertions(+)
To https://github.com/Stardust75001/TPS-BASE.git
   d901ed7..53af13d  temp-ok -> temp-ok
branch 'temp-ok' set up to track 'origin/temp-ok'.
[2025-09-29 02:00:51] tick THEME_ID=187321811292
[temp-ok 0903717] auto: 2025-09-29 02:00:51
 1 file changed, 6 insertions(+)
To https://github.com/Stardust75001/TPS-BASE.git
   53af13d..0903717  temp-ok -> temp-ok
branch 'temp-ok' set up to track 'origin/temp-ok'.
[2025-09-29 02:01:55] tick THEME_ID=187321811292
[temp-ok 4ca93ff] auto: 2025-09-29 02:01:55
 1 file changed, 6 insertions(+)
To https://github.com/Stardust75001/TPS-BASE.git
   0903717..4ca93ff  temp-ok -> temp-ok
branch 'temp-ok' set up to track 'origin/temp-ok'.
[2025-09-29 02:02:59] tick THEME_ID=187321811292
[temp-ok 61ddff8] auto: 2025-09-29 02:02:59
 1 file changed, 6 insertions(+)
To https://github.com/Stardust75001/TPS-BASE.git
   4ca93ff..61ddff8  temp-ok -> temp-ok
branch 'temp-ok' set up to track 'origin/temp-ok'.
[2025-09-29 02:04:03] tick THEME_ID=187321811292
[temp-ok 7167f5a] auto: 2025-09-29 02:04:03
 1 file changed, 6 insertions(+)
To https://github.com/Stardust75001/TPS-BASE.git
   61ddff8..7167f5a  temp-ok -> temp-ok
branch 'temp-ok' set up to track 'origin/temp-ok'.
[2025-09-29 02:05:07] tick THEME_ID=187321811292
[temp-ok d3a1279] auto: 2025-09-29 02:05:07
 1 file changed, 6 insertions(+)
To https://github.com/Stardust75001/TPS-BASE.git
   7167f5a..d3a1279  temp-ok -> temp-ok
branch 'temp-ok' set up to track 'origin/temp-ok'.
[2025-09-29 02:06:11] tick THEME_ID=187321811292
[temp-ok f5e8665] auto: 2025-09-29 02:06:11
 1 file changed, 6 insertions(+)
To https://github.com/Stardust75001/TPS-BASE.git
   d3a1279..f5e8665  temp-ok -> temp-ok
branch 'temp-ok' set up to track 'origin/temp-ok'.
[2025-09-29 02:07:14] tick THEME_ID=187321811292
[temp-ok aabe1f0] auto: 2025-09-29 02:07:14
 1 file changed, 6 insertions(+)
To https://github.com/Stardust75001/TPS-BASE.git
   f5e8665..aabe1f0  temp-ok -> temp-ok
branch 'temp-ok' set up to track 'origin/temp-ok'.
[2025-09-29 02:08:18] tick THEME_ID=187321811292
[temp-ok b32e878] auto: 2025-09-29 02:08:18
 1 file changed, 6 insertions(+)
To https://github.com/Stardust75001/TPS-BASE.git
   aabe1f0..b32e878  temp-ok -> temp-ok
branch 'temp-ok' set up to track 'origin/temp-ok'.
[2025-09-29 02:09:22] tick THEME_ID=187321811292
[temp-ok 2950177] auto: 2025-09-29 02:09:22
 1 file changed, 6 insertions(+)
To https://github.com/Stardust75001/TPS-BASE.git
   b32e878..2950177  temp-ok -> temp-ok
branch 'temp-ok' set up to track 'origin/temp-ok'.
[2025-09-29 02:10:41] tick THEME_ID=187321811292
[temp-ok f9f10c1] auto: 2025-09-29 02:10:41
 1 file changed, 6 insertions(+)
To https://github.com/Stardust75001/TPS-BASE.git
   2950177..f9f10c1  temp-ok -> temp-ok
branch 'temp-ok' set up to track 'origin/temp-ok'.
[2025-09-29 02:27:15] tick THEME_ID=187321811292
[temp-ok aef3109] auto: 2025-09-29 02:27:15
 1 file changed, 6 insertions(+)
To https://github.com/Stardust75001/TPS-BASE.git
   f9f10c1..aef3109  temp-ok -> temp-ok
branch 'temp-ok' set up to track 'origin/temp-ok'.
[2025-09-29 02:28:19] tick THEME_ID=187321811292
[temp-ok f2b699f] auto: 2025-09-29 02:28:19
 1 file changed, 6 insertions(+)
To https://github.com/Stardust75001/TPS-BASE.git
   aef3109..f2b699f  temp-ok -> temp-ok
branch 'temp-ok' set up to track 'origin/temp-ok'.
[2025-09-29 02:29:23] tick THEME_ID=187321811292
[temp-ok cfc4614] auto: 2025-09-29 02:29:23
 1 file changed, 6 insertions(+)
To https://github.com/Stardust75001/TPS-BASE.git
   f2b699f..cfc4614  temp-ok -> temp-ok
branch 'temp-ok' set up to track 'origin/temp-ok'.
[2025-09-29 02:30:27] tick THEME_ID=187321811292
[temp-ok 051c9df] auto: 2025-09-29 02:30:27
 1 file changed, 6 insertions(+)
To https://github.com/Stardust75001/TPS-BASE.git
   cfc4614..051c9df  temp-ok -> temp-ok
branch 'temp-ok' set up to track 'origin/temp-ok'.
[2025-09-29 02:31:30] tick THEME_ID=187321811292
[temp-ok 6806458] auto: 2025-09-29 02:31:30
 1 file changed, 6 insertions(+)
To https://github.com/Stardust75001/TPS-BASE.git
   051c9df..6806458  temp-ok -> temp-ok
branch 'temp-ok' set up to track 'origin/temp-ok'.
[2025-09-29 02:32:34] tick THEME_ID=187321811292
[temp-ok 090988f] auto: 2025-09-29 02:32:34
 1 file changed, 6 insertions(+)
To https://github.com/Stardust75001/TPS-BASE.git
   6806458..090988f  temp-ok -> temp-ok
branch 'temp-ok' set up to track 'origin/temp-ok'.
[2025-09-29 02:33:38] tick THEME_ID=187321811292
[temp-ok 65f727c] auto: 2025-09-29 02:33:38
 1 file changed, 6 insertions(+)
To https://github.com/Stardust75001/TPS-BASE.git
   090988f..65f727c  temp-ok -> temp-ok
branch 'temp-ok' set up to track 'origin/temp-ok'.
[2025-09-29 02:34:41] tick THEME_ID=187321811292
[temp-ok 7e669bf] auto: 2025-09-29 02:34:41
 1 file changed, 6 insertions(+)
To https://github.com/Stardust75001/TPS-BASE.git
   65f727c..7e669bf  temp-ok -> temp-ok
branch 'temp-ok' set up to track 'origin/temp-ok'.
[2025-09-29 02:35:45] tick THEME_ID=187321811292
[temp-ok 21c9606] auto: 2025-09-29 02:35:45
 1 file changed, 6 insertions(+)
To https://github.com/Stardust75001/TPS-BASE.git
   7e669bf..21c9606  temp-ok -> temp-ok
branch 'temp-ok' set up to track 'origin/temp-ok'.
[2025-09-29 02:36:49] tick THEME_ID=187321811292
